15:39:35.499 place-ship: size=4 pos=(9,3) dir=vertical
15:39:35.500 place-ship: size=3 pos=(3,3) dir=vertical
15:39:35.500 place-ship: size=3 pos=(1,1) dir=vertical
15:39:35.500 place-ship: size=2 pos=(5,4) dir=horizontal
15:39:35.500 place-ship: size=2 pos=(3,0) dir=horizontal
15:39:35.500 place-ship: size=2 pos=(3,9) dir=horizontal
15:39:35.501 place-ship: size=1 pos=(4,7) dir=vertical
15:39:35.501 place-ship: size=1 pos=(0,8) dir=horizontal
15:39:35.501 place-ship: size=1 pos=(9,1) dir=horizontal
15:39:35.501 place-ship: size=1 pos=(8,8) dir=horizontal
15:39:35.502 shot: pos=(9,0) result=miss
15:39:35.503 enemy-shot: pos=(6,9) result=miss
15:39:35.503 shot: pos=(5,7) result=miss
15:39:35.503 enemy-shot: pos=(3,5) result=hit
15:39:35.503 shot: pos=(3,6) result=miss
15:39:35.504 enemy-shot: pos=(2,3) result=miss
15:39:35.504 shot: pos=(0,8) result=miss
15:39:35.504 enemy-shot: pos=(9,5) result=hit
15:39:35.504 shot: pos=(7,2) result=miss
15:39:35.504 enemy-shot: pos=(9,6) result=hit
15:39:35.505 shot: pos=(3,2) result=miss
15:39:35.505 enemy-shot: pos=(8,5) result=miss
15:39:35.505 shot: pos=(9,2) result=miss
15:39:35.505 enemy-shot: pos=(0,4) result=miss
15:39:35.505 shot: pos=(2,1) result=hit
15:39:35.506 enemy-shot: pos=(1,1) result=hit
15:39:35.506 shot: pos=(9,5) result=miss
15:39:35.506 enemy-shot: pos=(7,9) result=miss
15:39:35.506 shot: pos=(3,5) result=miss
15:39:35.506 enemy-shot: pos=(4,6) result=miss
15:39:35.507 shot: pos=(9,3) result=hit
15:39:35.507 enemy-shot: pos=(8,9) result=miss
15:39:35.507 shot: pos=(6,7) result=miss
15:39:35.507 enemy-shot: pos=(1,6) result=miss
15:39:35.507 shot: pos=(0,4) result=miss
15:39:35.507 enemy-shot: pos=(6,2) result=miss
15:39:35.508 shot: pos=(2,7) result=miss
15:39:35.508 enemy-shot: pos=(0,1) result=miss
15:39:35.508 shot: pos=(8,2) result=miss
15:39:35.508 enemy-shot: pos=(9,9) result=miss
15:39:35.508 shot: pos=(4,0) result=miss
15:39:35.508 enemy-shot: pos=(7,1) result=miss
15:39:35.508 shot: pos=(1,8) result=hit
15:39:35.509 enemy-shot: pos=(5,9) result=miss
15:39:35.509 shot: pos=(6,6) result=hit
15:39:35.509 enemy-shot: pos=(5,8) result=miss
15:39:35.509 shot: pos=(2,6) result=miss
15:39:35.509 enemy-shot: pos=(6,6) result=miss
15:39:35.509 shot: pos=(4,7) result=miss
15:39:35.510 enemy-shot: pos=(0,2) result=miss
15:39:35.510 shot: pos=(5,9) result=miss
15:39:35.510 enemy-shot: pos=(5,0) result=miss
15:39:35.510 shot: pos=(4,5) result=miss
15:39:35.510 enemy-shot: pos=(8,3) result=miss
15:39:35.510 shot: pos=(5,5) result=miss
15:39:35.511 enemy-shot: pos=(8,1) result=miss
15:39:35.511 shot: pos=(3,9) result=miss
15:39:35.511 enemy-shot: pos=(7,5) result=miss
15:39:35.511 shot: pos=(0,2) result=sunk ship-size=1
15:39:35.511 enemy-shot: pos=(5,5) result=miss
15:39:35.511 shot: pos=(1,3) result=miss
15:39:35.512 enemy-shot: pos=(6,8) result=miss
15:39:35.512 shot: pos=(6,0) result=miss
15:39:35.512 enemy-shot: pos=(4,4) result=miss
15:39:35.512 shot: pos=(0,6) result=hit
15:39:35.512 enemy-shot: pos=(3,0) result=hit
15:39:35.512 shot: pos=(8,6) result=hit
15:39:35.513 enemy-shot: pos=(5,1) result=miss
15:39:35.513 shot: pos=(2,8) result=hit
15:39:35.513 enemy-shot: pos=(8,2) result=miss
15:39:35.513 shot: pos=(4,1) result=miss
15:39:35.513 enemy-shot: pos=(7,4) result=miss
15:39:35.513 shot: pos=(0,0) result=miss
15:39:35.513 enemy-shot: pos=(6,3) result=miss
15:39:35.514 shot: pos=(5,8) result=miss
15:39:35.514 enemy-shot: pos=(1,7) result=miss
15:39:35.514 shot: pos=(8,9) result=miss
15:39:35.514 enemy-shot: pos=(2,2) result=miss
15:39:35.514 shot: pos=(7,0) result=miss
15:39:35.514 enemy-shot: pos=(6,1) result=miss
15:39:35.514 shot: pos=(9,9) result=miss
15:39:35.515 enemy-shot: pos=(9,4) result=hit
15:39:35.515 shot: pos=(5,1) result=miss
15:39:35.515 enemy-shot: pos=(3,2) result=miss
15:39:35.515 shot: pos=(4,6) result=miss
15:39:35.515 enemy-shot: pos=(8,4) result=miss
15:39:35.515 shot: pos=(1,4) result=miss
15:39:35.515 enemy-shot: pos=(0,0) result=miss
15:39:35.516 shot: pos=(6,5) result=miss
15:39:35.516 enemy-shot: pos=(3,7) result=miss
15:39:35.516 shot: pos=(0,3) result=miss
15:39:35.516 enemy-shot: pos=(0,3) result=miss
15:39:35.516 shot: pos=(7,3) result=hit
15:39:35.516 enemy-shot: pos=(2,9) result=miss
15:39:35.516 shot: pos=(9,7) result=miss
15:39:35.517 enemy-shot: pos=(4,2) result=miss
15:39:35.517 shot: pos=(9,8) result=miss
15:39:35.517 enemy-shot: pos=(3,4) result=hit
15:39:35.517 shot: pos=(1,2) result=miss
15:39:35.517 enemy-shot: pos=(0,6) result=miss
15:39:35.517 shot: pos=(6,9) result=miss
15:39:35.517 enemy-shot: pos=(7,3) result=miss
15:39:35.517 shot: pos=(6,1) result=miss
15:39:35.517 enemy-shot: pos=(3,6) result=miss
15:39:35.518 shot: pos=(1,7) result=miss
15:39:35.518 enemy-shot: pos=(4,7) result=sunk ship-size=1
15:39:35.518 shot: pos=(6,8) result=miss
15:39:35.518 enemy-shot: pos=(7,6) result=miss
15:39:35.518 shot: pos=(2,5) result=sunk ship-size=1
15:39:35.518 enemy-shot: pos=(2,6) result=miss
15:39:35.518 shot: pos=(5,0) result=miss
15:39:35.518 enemy-shot: pos=(5,2) result=miss
15:39:35.519 shot: pos=(3,7) result=miss
15:39:35.519 enemy-shot: pos=(4,1) result=miss
15:39:35.519 shot: pos=(8,5) result=miss
15:39:35.519 enemy-shot: pos=(2,7) result=miss
15:39:35.519 shot: pos=(7,7) result=miss
15:39:35.519 enemy-shot: pos=(6,5) result=miss
15:39:35.519 shot: pos=(3,1) result=miss
15:39:35.519 enemy-shot: pos=(5,3) result=miss
15:39:35.519 shot: pos=(3,0) result=miss
15:39:35.520 enemy-shot: pos=(2,0) result=miss
15:39:35.520 shot: pos=(2,4) result=miss
15:39:35.520 enemy-shot: pos=(8,6) result=miss
15:39:35.520 shot: pos=(7,9) result=miss
15:39:35.520 enemy-shot: pos=(0,8) result=sunk ship-size=1
15:39:35.520 shot: pos=(3,3) result=miss
15:39:35.520 enemy-shot: pos=(4,5) result=miss
15:39:35.520 shot: pos=(4,8) result=hit
15:39:35.521 enemy-shot: pos=(1,2) result=hit
15:39:35.521 shot: pos=(3,4) result=miss
15:39:35.521 enemy-shot: pos=(9,8) result=miss
15:39:35.521 shot: pos=(8,4) result=miss
15:39:35.521 enemy-shot: pos=(7,8) result=miss
15:39:35.521 shot: pos=(1,5) result=miss
15:39:35.521 enemy-shot: pos=(1,4) result=miss
15:39:35.521 shot: pos=(7,5) result=miss
15:39:35.522 enemy-shot: pos=(9,0) result=miss
15:39:35.522 shot: pos=(9,6) result=miss
15:39:35.522 enemy-shot: pos=(1,5) result=miss
15:39:35.522 shot: pos=(7,6) result=sunk ship-size=3
15:39:35.522 enemy-shot: pos=(5,6) result=miss
15:39:35.522 shot: pos=(7,1) result=miss
15:39:35.522 enemy-shot: pos=(4,0) result=sunk ship-size=2
15:39:35.522 shot: pos=(6,3) result=miss
15:39:35.523 enemy-shot: pos=(5,7) result=miss
15:39:35.523 shot: pos=(4,4) result=miss
15:39:35.523 enemy-shot: pos=(3,8) result=miss
15:39:35.523 shot: pos=(7,4) result=sunk ship-size=2
15:39:35.523 enemy-shot: pos=(3,3) result=sunk ship-size=3
15:39:35.523 shot: pos=(7,8) result=miss
15:39:35.523 enemy-shot: pos=(5,4) result=hit
15:39:35.523 shot: pos=(5,3) result=miss
15:39:35.524 enemy-shot: pos=(7,0) result=miss
15:39:35.524 shot: pos=(4,3) result=miss
15:39:35.524 enemy-shot: pos=(0,9) result=miss
15:39:35.524 shot: pos=(4,9) result=miss
15:39:35.524 enemy-shot: pos=(8,7) result=miss
15:39:35.524 shot: pos=(1,1) result=miss
15:39:35.524 enemy-shot: pos=(8,8) result=sunk ship-size=1
15:39:35.524 shot: pos=(2,9) result=miss
15:39:35.524 enemy-shot: pos=(9,3) result=sunk ship-size=4
15:39:35.524 shot: pos=(8,8) result=miss
15:39:35.525 enemy-shot: pos=(0,5) result=miss
15:39:35.525 shot: pos=(4,2) result=miss
15:39:35.525 enemy-shot: pos=(3,1) result=miss
15:39:35.525 shot: pos=(2,3) result=miss
15:39:35.525 enemy-shot: pos=(3,9) result=hit
15:39:35.525 shot: pos=(6,2) result=miss
15:39:35.525 enemy-shot: pos=(4,8) result=miss
15:39:35.525 shot: pos=(5,2) result=miss
15:39:35.525 enemy-shot: pos=(1,9) result=miss
15:39:35.525 shot: pos=(3,8) result=sunk ship-size=4
15:39:35.525 enemy-shot: pos=(2,4) result=miss
15:39:35.526 shot: pos=(0,5) result=miss
15:39:35.526 enemy-shot: pos=(2,5) result=miss
15:39:35.526 shot: pos=(8,7) result=miss
15:39:35.526 enemy-shot: pos=(7,2) result=miss
15:39:35.526 shot: pos=(2,0) result=hit
15:39:35.526 enemy-shot: pos=(9,1) result=sunk ship-size=1
15:39:35.526 shot: pos=(2,2) result=sunk ship-size=3
15:39:35.526 enemy-shot: pos=(7,7) result=miss
15:39:35.526 shot: pos=(0,9) result=sunk ship-size=1
15:39:35.526 enemy-shot: pos=(6,4) result=sunk ship-size=2
15:39:35.527 shot: pos=(8,3) result=miss
15:39:35.527 enemy-shot: pos=(0,7) result=miss
15:39:35.527 shot: pos=(5,4) result=sunk ship-size=1
15:39:35.527 enemy-shot: pos=(1,0) result=miss
15:39:35.527 shot: pos=(8,1) result=miss
15:39:35.527 enemy-shot: pos=(9,2) result=miss
15:39:35.527 shot: pos=(6,4) result=miss
15:39:35.527 enemy-shot: pos=(6,7) result=miss
15:39:35.527 shot: pos=(9,1) result=miss
15:39:35.527 enemy-shot: pos=(4,9) result=sunk ship-size=2
15:39:35.527 shot: pos=(0,1) result=miss
15:39:35.528 enemy-shot: pos=(6,0) result=miss
15:39:35.528 shot: pos=(0,7) result=miss
15:39:35.528 enemy-shot: pos=(4,3) result=miss
15:39:35.528 shot: pos=(1,9) result=miss
15:39:35.528 enemy-shot: pos=(2,1) result=miss
15:39:35.528 shot: pos=(5,6) result=miss
15:39:35.528 enemy-shot: pos=(9,7) result=miss
15:39:35.528 shot: pos=(1,0) result=miss
15:39:35.528 enemy-shot: pos=(8,0) result=miss
15:39:35.529 shot: pos=(8,0) result=miss
15:39:35.529 enemy-shot: pos=(1,8) result=miss
15:39:35.529 shot: pos=(9,4) result=sunk ship-size=2
15:39:35.529 enemy-shot: pos=(2,8) result=miss
15:39:35.529 shot: pos=(1,6) result=sunk ship-size=2
15:39:35.529 game-over: result=win total-shots=100 enemy-total-shots=99
15:39:35.529 enemy-ship: size=4 pos=(1,8) dir=horizontal
15:39:35.529 enemy-ship: size=3 pos=(6,6) dir=horizontal
15:39:35.529 enemy-ship: size=3 pos=(2,0) dir=vertical
15:39:35.529 enemy-ship: size=2 pos=(7,3) dir=vertical
15:39:35.529 enemy-ship: size=2 pos=(0,6) dir=horizontal
15:39:35.529 enemy-ship: size=2 pos=(9,3) dir=vertical
15:39:35.529 enemy-ship: size=1 pos=(0,9) dir=horizontal
15:39:35.529 enemy-ship: size=1 pos=(0,2) dir=vertical
15:39:35.529 enemy-ship: size=1 pos=(5,4) dir=horizontal
15:39:35.529 enemy-ship: size=1 pos=(2,5) dir=horizontal
